{"logTime": "0719/013232", "correlationVector":"IJ1eGKmW/ngMWEPVdypOME.1","action":"SyncServerConnectionManagerRequest", "result":"SYNC_SERVER_OK", "context":{"environment":"Prod_SoutheastAsia_000j", "migrationStage":"NotStarted", "server":"GENERAL0300001W"}}
{"logTime": "0719/013232", "correlationVector":"RBoXjjao+qApw4O5ph8wFo","action":"SyncServerConnectionManagerRequest", "result":"SYNC_SERVER_OK", "context":{"environment":"", "migrationStage":"", "server":""}}
{"logTime": "0719/013232", "correlationVector":"IJ1eGKmW/ngMWEPVdypOME","action":"Initial GetUpdates", "result":"", "context":Reason: NEW_CLIENT. cV=IJ1eGKmW/ngMWEPVdypOME}
{"logTime": "0719/013232", "correlationVector":"IJ1eGKmW/ngMWEPVdypOME.2","action":"GetUpdates Response", "result":"Success", "context":Received 1 update(s). cV=IJ1eGKmW/ngMWEPVdypOME.0;server=GENERAL0300001W;cloudType=Consumer;environment=Prod_SoutheastAsia_000j;migrationStage=NotStarted}
{"logTime": "0719/013235", "correlationVector":"+w1ukx3hE+nMO6kKTEoECE","action":"Initial GetUpdates", "result":"", "context":Reason: NEW_CLIENT. cV=+w1ukx3hE+nMO6kKTEoECE}
{"logTime": "0719/013235", "correlationVector":"+w1ukx3hE+nMO6kKTEoECE.1","action":"SyncServerConnectionManagerRequest", "result":"SYNC_SERVER_OK", "context":{"environment":"Prod_SoutheastAsia_000j", "migrationStage":"NotStarted", "server":"GENERAL0100001G"}}
{"logTime": "0719/013235", "correlationVector":"+w1ukx3hE+nMO6kKTEoECE.2","action":"GetUpdates Response", "result":"Success", "context":Received 6 update(s). cV=+w1ukx3hE+nMO6kKTEoECE.0;server=GENERAL0100001G;cloudType=Consumer;environment=Prod_SoutheastAsia_000j;migrationStage=NotStarted}
{"logTime": "0719/013235", "correlationVector":"XcQwQwKo7yEeGMy0Kj4oix","action":"Normal GetUpdate request", "result":"", "context":cV=XcQwQwKo7yEeGMy0Kj4oix
Nudged types: Device Info, User Consents
Refresh requested types: Device Info, User Consents, Send Tab To Self, Encryption Keys}
{"logTime": "0719/013235", "correlationVector":"XcQwQwKo7yEeGMy0Kj4oix.1","action":"SyncServerConnectionManagerRequest", "result":"SYNC_SERVER_OK", "context":{"environment":"Prod_SoutheastAsia_000j", "migrationStage":"NotStarted", "server":"GENERAL03000006"}}
{"logTime": "0719/013235", "correlationVector":"XcQwQwKo7yEeGMy0Kj4oix.2","action":"GetUpdates Response", "result":"Success", "context":Received 0 update(s). cV=XcQwQwKo7yEeGMy0Kj4oix.0;server=GENERAL03000006;cloudType=Consumer;environment=Prod_SoutheastAsia_000j;migrationStage=NotStarted}
{"logTime": "0719/013235", "correlationVector":"Zryx6dLcV4ZfafVrcdHLWJ","action":"Commit Request", "result":"", "context":Item count: 2
Contributing types: Device Info, User Consents}
{"logTime": "0719/013236", "correlationVector":"Zryx6dLcV4ZfafVrcdHLWJ.1","action":"SyncServerConnectionManagerRequest", "result":"SYNC_SERVER_OK", "context":{"environment":"Prod_SoutheastAsia_000j", "migrationStage":"NotStarted", "server":"GENERAL0100001D"}}
{"logTime": "0719/013236", "correlationVector":"Zryx6dLcV4ZfafVrcdHLWJ.2","action":"Commit Response", "result":"Success", "context":Result: Success. cV=Zryx6dLcV4ZfafVrcdHLWJ.0;server=GENERAL0100001D;cloudType=Consumer;environment=Prod_SoutheastAsia_000j;migrationStage=NotStarted}
{"logTime": "0719/013236", "correlationVector":"vf+KR6jvJ8EA6ba1RYe0ns","action":"Normal GetUpdate request", "result":"", "context":cV=vf+KR6jvJ8EA6ba1RYe0ns
Nudged types: Device Info}
{"logTime": "0719/013236", "correlationVector":"vf+KR6jvJ8EA6ba1RYe0ns.1","action":"SyncServerConnectionManagerRequest", "result":"SYNC_SERVER_OK", "context":{"environment":"Prod_SoutheastAsia_000j", "migrationStage":"NotStarted", "server":"GENERAL01000012"}}
{"logTime": "0719/013236", "correlationVector":"vf+KR6jvJ8EA6ba1RYe0ns.2","action":"GetUpdates Response", "result":"Success", "context":Received 1 update(s). cV=vf+KR6jvJ8EA6ba1RYe0ns.0;server=GENERAL01000012;cloudType=Consumer;environment=Prod_SoutheastAsia_000j;migrationStage=NotStarted}
{"logTime": "0719/013728", "correlationVector":"woSyC7zkzIlQ+mAigIzbDR","action":"Normal GetUpdate request", "result":"", "context":cV=woSyC7zkzIlQ+mAigIzbDR
Refresh requested types: Device Info, User Consents, Send Tab To Self, Encryption Keys}
{"logTime": "0719/013730", "correlationVector":"woSyC7zkzIlQ+mAigIzbDR.1","action":"SyncServerConnectionManagerRequest", "result":"SYNC_SERVER_OK", "context":{"environment":"Prod_SoutheastAsia_000j", "migrationStage":"NotStarted", "server":"GENERAL0100001K"}}
{"logTime": "0719/013730", "correlationVector":"woSyC7zkzIlQ+mAigIzbDR.2","action":"GetUpdates Response", "result":"Success", "context":Received 0 update(s). cV=woSyC7zkzIlQ+mAigIzbDR.0;server=GENERAL0100001K;cloudType=Consumer;environment=Prod_SoutheastAsia_000j;migrationStage=NotStarted}
{"logTime": "0719/014228", "correlationVector":"V78r1/OtVm0qL3kY7yiPQa","action":"Normal GetUpdate request", "result":"", "context":cV=V78r1/OtVm0qL3kY7yiPQa
Refresh requested types: Device Info, User Consents, Send Tab To Self, Encryption Keys}
{"logTime": "0719/014229", "correlationVector":"V78r1/OtVm0qL3kY7yiPQa.1","action":"SyncServerConnectionManagerRequest", "result":"SYNC_SERVER_OK", "context":{"environment":"Prod_SoutheastAsia_000j", "migrationStage":"NotStarted", "server":"GENERAL0300000Z"}}
{"logTime": "0719/014229", "correlationVector":"V78r1/OtVm0qL3kY7yiPQa.2","action":"GetUpdates Response", "result":"Success", "context":Received 0 update(s). cV=V78r1/OtVm0qL3kY7yiPQa.0;server=GENERAL0300000Z;cloudType=Consumer;environment=Prod_SoutheastAsia_000j;migrationStage=NotStarted}
{"logTime": "0719/065221", "correlationVector":"iis7nJpx894vmG+NfBabDE.1","action":"SyncServerConnectionManagerRequest", "result":"SYNC_SERVER_OK", "context":{"environment":"Prod_SoutheastAsia_000j", "migrationStage":"NotStarted", "server":"GENERAL0100001G"}}
{"logTime": "0719/065223", "correlationVector":"Sxbu2r3Yj1XmtOuUjYEUo7","action":"SyncServerConnectionManagerRequest", "result":"SYNC_SERVER_OK", "context":{"environment":"", "migrationStage":"", "server":""}}
{"logTime": "0719/065223", "correlationVector":"iis7nJpx894vmG+NfBabDE","action":"Initial GetUpdates", "result":"", "context":Reason: NEW_CLIENT. cV=iis7nJpx894vmG+NfBabDE}
{"logTime": "0719/065223", "correlationVector":"iis7nJpx894vmG+NfBabDE.2","action":"GetUpdates Response", "result":"Success", "context":Received 1 update(s). cV=iis7nJpx894vmG+NfBabDE.0;server=GENERAL0100001G;cloudType=Consumer;environment=Prod_SoutheastAsia_000j;migrationStage=NotStarted}
{"logTime": "0719/065223", "correlationVector":"mhYYd/r3rZOR/fx5c+q7ij","action":"Normal GetUpdate request", "result":"", "context":cV=mhYYd/r3rZOR/fx5c+q7ij
Refresh requested types: Device Info, User Consents, Send Tab To Self, Encryption Keys}
{"logTime": "0719/065223", "correlationVector":"mhYYd/r3rZOR/fx5c+q7ij.1","action":"SyncServerConnectionManagerRequest", "result":"SYNC_SERVER_OK", "context":{"environment":"Prod_SoutheastAsia_000j", "migrationStage":"NotStarted", "server":"GENERAL0300001W"}}
{"logTime": "0719/065223", "correlationVector":"mhYYd/r3rZOR/fx5c+q7ij.2","action":"GetUpdates Response", "result":"Success", "context":Received 0 update(s). cV=mhYYd/r3rZOR/fx5c+q7ij.0;server=GENERAL0300001W;cloudType=Consumer;environment=Prod_SoutheastAsia_000j;migrationStage=NotStarted}
{"logTime": "0719/065721", "correlationVector":"IX4/D00Vk4ovfB//kyAqm4","action":"Normal GetUpdate request", "result":"", "context":cV=IX4/D00Vk4ovfB//kyAqm4
Refresh requested types: Device Info, User Consents, Send Tab To Self, Encryption Keys}
{"logTime": "0719/065721", "correlationVector":"IX4/D00Vk4ovfB//kyAqm4.1","action":"SyncServerConnectionManagerRequest", "result":"SYNC_SERVER_OK", "context":{"environment":"Prod_SoutheastAsia_000j", "migrationStage":"NotStarted", "server":"GENERAL0100000K"}}
{"logTime": "0719/065721", "correlationVector":"IX4/D00Vk4ovfB//kyAqm4.2","action":"GetUpdates Response", "result":"Success", "context":Received 0 update(s). cV=IX4/D00Vk4ovfB//kyAqm4.0;server=GENERAL0100000K;cloudType=Consumer;environment=Prod_SoutheastAsia_000j;migrationStage=NotStarted}
{"logTime": "0719/065721", "correlationVector":"3SGk5CQT7tLZjqE10OR+eQ","action":"DoCompareDataConsistency requsted types: ", "result":"Send Tab To Self, Encryption Keys"}
{"logTime": "0719/065721", "correlationVector":"3SGk5CQT7tLZjqE10OR+eQ.0","action":"CompareDataConsistency result: ", "result":"Compare result: Encryption Keys is consistent. local entities count is: 1 local entities hash is: JI9By57+siONMBBULC4o3rWbvdc="}
{"logTime": "0719/065721", "correlationVector":"3SGk5CQT7tLZjqE10OR+eQ.1","action":"CompareDataConsistency result: ", "result":"Server did not send this Send Tab To Self local entities count is: 0 local entities hash is: "}
{"logTime": "0719/065722", "correlationVector":"","action":"DIAGNOSTIC_REQUEST|v1/diagnosticData/Diagnostic.SendCheckResult()|SUCCESS", "result":""}
{"logTime": "0719/065722", "correlationVector":"","action":"SyncDiagnosticRequest::ProcessDiagnosticResponse", "result":"DIAGNOSTIC_REQUEST|v1/diagnosticData/Diagnostic.SendCheckResult()|SUCCESS"}
{"logTime": "0722/042735", "correlationVector":"B/7saLgdb6mQJxE3fbdN2H.1","action":"SyncServerConnectionManagerRequest", "result":"SYNC_SERVER_OK", "context":{"environment":"Prod_SoutheastAsia_000j", "migrationStage":"NotStarted", "server":"GENERAL0300000Y"}}
{"logTime": "0722/042736", "correlationVector":"I1VONQhRMZKPrV9CJaob8f","action":"SyncServerConnectionManagerRequest", "result":"SYNC_SERVER_OK", "context":{"environment":"", "migrationStage":"", "server":""}}
{"logTime": "0722/042736", "correlationVector":"B/7saLgdb6mQJxE3fbdN2H","action":"Initial GetUpdates", "result":"", "context":Reason: NEW_CLIENT. cV=B/7saLgdb6mQJxE3fbdN2H}
{"logTime": "0722/042736", "correlationVector":"B/7saLgdb6mQJxE3fbdN2H.2","action":"GetUpdates Response", "result":"Success", "context":Received 1 update(s). cV=B/7saLgdb6mQJxE3fbdN2H.0;server=GENERAL0300000Y;cloudType=Consumer;environment=Prod_SoutheastAsia_000j;migrationStage=NotStarted}
{"logTime": "0722/042736", "correlationVector":"VRRrPCms0HMYJW+7K8pKEC","action":"Normal GetUpdate request", "result":"", "context":cV=VRRrPCms0HMYJW+7K8pKEC
Nudged types: Device Info
Refresh requested types: Device Info, User Consents, Send Tab To Self, Encryption Keys}
{"logTime": "0722/042736", "correlationVector":"VRRrPCms0HMYJW+7K8pKEC.1","action":"SyncServerConnectionManagerRequest", "result":"SYNC_SERVER_OK", "context":{"environment":"Prod_SoutheastAsia_000j", "migrationStage":"NotStarted", "server":"GENERAL0300000G"}}
{"logTime": "0722/042736", "correlationVector":"VRRrPCms0HMYJW+7K8pKEC.2","action":"GetUpdates Response", "result":"Success", "context":Received 1 update(s). cV=VRRrPCms0HMYJW+7K8pKEC.0;server=GENERAL0300000G;cloudType=Consumer;environment=Prod_SoutheastAsia_000j;migrationStage=NotStarted}
{"logTime": "0722/042736", "correlationVector":"tpl1YXwLWC/7KGVOUhwX/e","action":"Commit Request", "result":"", "context":Item count: 1
Contributing types: Device Info}
{"logTime": "0722/042737", "correlationVector":"tpl1YXwLWC/7KGVOUhwX/e.1","action":"SyncServerConnectionManagerRequest", "result":"SYNC_SERVER_OK", "context":{"environment":"Prod_SoutheastAsia_000j", "migrationStage":"NotStarted", "server":"GENERAL03000034"}}
{"logTime": "0722/042737", "correlationVector":"tpl1YXwLWC/7KGVOUhwX/e.2","action":"Commit Response", "result":"Success", "context":Result: Success. cV=tpl1YXwLWC/7KGVOUhwX/e.0;server=GENERAL03000034;cloudType=Consumer;environment=Prod_SoutheastAsia_000j;migrationStage=NotStarted}
{"logTime": "0722/042737", "correlationVector":"bfasVHVPIl08DROloXtExi","action":"Normal GetUpdate request", "result":"", "context":cV=bfasVHVPIl08DROloXtExi
Nudged types: Device Info}
{"logTime": "0722/042737", "correlationVector":"bfasVHVPIl08DROloXtExi.1","action":"SyncServerConnectionManagerRequest", "result":"SYNC_SERVER_OK", "context":{"environment":"Prod_SoutheastAsia_000j", "migrationStage":"NotStarted", "server":"GENERAL0100000S"}}
{"logTime": "0722/042737", "correlationVector":"bfasVHVPIl08DROloXtExi.2","action":"GetUpdates Response", "result":"Success", "context":Received 1 update(s). cV=bfasVHVPIl08DROloXtExi.0;server=GENERAL0100000S;cloudType=Consumer;environment=Prod_SoutheastAsia_000j;migrationStage=NotStarted}
{"logTime": "0722/042737", "correlationVector":"sY5kgjjC20OGBVOjOc+V8Z","action":"Poll GetUpdate request", "result":"", "context":cV=sY5kgjjC20OGBVOjOc+V8Z}
{"logTime": "0722/042737", "correlationVector":"sY5kgjjC20OGBVOjOc+V8Z.1","action":"SyncServerConnectionManagerRequest", "result":"SYNC_SERVER_OK", "context":{"environment":"Prod_SoutheastAsia_000j", "migrationStage":"NotStarted", "server":"GENERAL0100000T"}}
{"logTime": "0722/042737", "correlationVector":"sY5kgjjC20OGBVOjOc+V8Z.2","action":"GetUpdates Response", "result":"Success", "context":Received 0 update(s). cV=sY5kgjjC20OGBVOjOc+V8Z.0;server=GENERAL0100000T;cloudType=Consumer;environment=Prod_SoutheastAsia_000j;migrationStage=NotStarted}
{"logTime": "0722/043235", "correlationVector":"v33RxlQhjjT7fkupW5VX2y","action":"Normal GetUpdate request", "result":"", "context":cV=v33RxlQhjjT7fkupW5VX2y
Refresh requested types: Device Info, User Consents, Send Tab To Self, Encryption Keys}
{"logTime": "0722/043236", "correlationVector":"v33RxlQhjjT7fkupW5VX2y.1","action":"SyncServerConnectionManagerRequest", "result":"SYNC_SERVER_OK", "context":{"environment":"Prod_SoutheastAsia_000j", "migrationStage":"NotStarted", "server":"GENERAL03000014"}}
{"logTime": "0722/043236", "correlationVector":"v33RxlQhjjT7fkupW5VX2y.2","action":"GetUpdates Response", "result":"Success", "context":Received 0 update(s). cV=v33RxlQhjjT7fkupW5VX2y.0;server=GENERAL03000014;cloudType=Consumer;environment=Prod_SoutheastAsia_000j;migrationStage=NotStarted}
{"logTime": "0722/060931", "correlationVector":"dZIQnxD2IDaEZrX/hIzIps.1","action":"SyncServerConnectionManagerRequest", "result":"SYNC_SERVER_OK", "context":{"environment":"Prod_SoutheastAsia_000j", "migrationStage":"NotStarted", "server":"GENERAL0100001D"}}
{"logTime": "0722/060931", "correlationVector":"QJsFJx5Hvw8Sm2E/Bw1inH","action":"SyncServerConnectionManagerRequest", "result":"SYNC_SERVER_OK", "context":{"environment":"", "migrationStage":"", "server":""}}
{"logTime": "0722/060931", "correlationVector":"dZIQnxD2IDaEZrX/hIzIps","action":"Initial GetUpdates", "result":"", "context":Reason: NEW_CLIENT. cV=dZIQnxD2IDaEZrX/hIzIps}
{"logTime": "0722/060931", "correlationVector":"dZIQnxD2IDaEZrX/hIzIps.2","action":"GetUpdates Response", "result":"Success", "context":Received 1 update(s). cV=dZIQnxD2IDaEZrX/hIzIps.0;server=GENERAL0100001D;cloudType=Consumer;environment=Prod_SoutheastAsia_000j;migrationStage=NotStarted}
{"logTime": "0722/060931", "correlationVector":"hk8VsQkBRl7Tr/+6uoARJn","action":"Normal GetUpdate request", "result":"", "context":cV=hk8VsQkBRl7Tr/+6uoARJn
Refresh requested types: Device Info, User Consents, Send Tab To Self, Encryption Keys}
{"logTime": "0722/060931", "correlationVector":"hk8VsQkBRl7Tr/+6uoARJn.1","action":"SyncServerConnectionManagerRequest", "result":"SYNC_SERVER_OK", "context":{"environment":"Prod_SoutheastAsia_000j", "migrationStage":"NotStarted", "server":"GENERAL03000032"}}
{"logTime": "0722/060931", "correlationVector":"hk8VsQkBRl7Tr/+6uoARJn.2","action":"GetUpdates Response", "result":"Success", "context":Received 0 update(s). cV=hk8VsQkBRl7Tr/+6uoARJn.0;server=GENERAL03000032;cloudType=Consumer;environment=Prod_SoutheastAsia_000j;migrationStage=NotStarted}
{"logTime": "0722/061423", "correlationVector":"qXQfjPNZXQZlgVr+F4AFiY","action":"Normal GetUpdate request", "result":"", "context":cV=qXQfjPNZXQZlgVr+F4AFiY
Refresh requested types: Device Info, User Consents, Send Tab To Self, Encryption Keys}
{"logTime": "0722/061424", "correlationVector":"qXQfjPNZXQZlgVr+F4AFiY.1","action":"SyncServerConnectionManagerRequest", "result":"SYNC_SERVER_OK", "context":{"environment":"Prod_SoutheastAsia_000j", "migrationStage":"NotStarted", "server":"GENERAL0300003A"}}
{"logTime": "0722/061424", "correlationVector":"qXQfjPNZXQZlgVr+F4AFiY.2","action":"GetUpdates Response", "result":"Success", "context":Received 0 update(s). cV=qXQfjPNZXQZlgVr+F4AFiY.0;server=GENERAL0300003A;cloudType=Consumer;environment=Prod_SoutheastAsia_000j;migrationStage=NotStarted}
{"logTime": "0722/063424", "correlationVector":"NmmXc4b1w91F4quPQHWKD+.1","action":"SyncServerConnectionManagerRequest", "result":"SYNC_SERVER_OK", "context":{"environment":"Prod_SoutheastAsia_000j", "migrationStage":"NotStarted", "server":"GENERAL0100000K"}}
{"logTime": "0722/063425", "correlationVector":"sgDOPKwqqMV2q09ea5HscM","action":"SyncServerConnectionManagerRequest", "result":"SYNC_SERVER_OK", "context":{"environment":"", "migrationStage":"", "server":""}}
{"logTime": "0722/063425", "correlationVector":"NmmXc4b1w91F4quPQHWKD+","action":"Initial GetUpdates", "result":"", "context":Reason: NEW_CLIENT. cV=NmmXc4b1w91F4quPQHWKD+}
{"logTime": "0722/063425", "correlationVector":"NmmXc4b1w91F4quPQHWKD+.2","action":"GetUpdates Response", "result":"Success", "context":Received 1 update(s). cV=NmmXc4b1w91F4quPQHWKD+.0;server=GENERAL0100000K;cloudType=Consumer;environment=Prod_SoutheastAsia_000j;migrationStage=NotStarted}
{"logTime": "0722/063425", "correlationVector":"SSFXRHVNj+nShqi/ciEkS1","action":"Normal GetUpdate request", "result":"", "context":cV=SSFXRHVNj+nShqi/ciEkS1
Refresh requested types: Device Info, User Consents, Send Tab To Self, Encryption Keys}
{"logTime": "0722/063425", "correlationVector":"SSFXRHVNj+nShqi/ciEkS1.1","action":"SyncServerConnectionManagerRequest", "result":"SYNC_SERVER_OK", "context":{"environment":"Prod_SoutheastAsia_000j", "migrationStage":"NotStarted", "server":"GENERAL01000008"}}
{"logTime": "0722/063425", "correlationVector":"SSFXRHVNj+nShqi/ciEkS1.2","action":"GetUpdates Response", "result":"Success", "context":Received 0 update(s). cV=SSFXRHVNj+nShqi/ciEkS1.0;server=GENERAL01000008;cloudType=Consumer;environment=Prod_SoutheastAsia_000j;migrationStage=NotStarted}
{"logTime": "0722/063923", "correlationVector":"AisyO/gADkyDmchTgbhzOY","action":"Normal GetUpdate request", "result":"", "context":cV=AisyO/gADkyDmchTgbhzOY
Refresh requested types: Device Info, User Consents, Send Tab To Self, Encryption Keys}
{"logTime": "0722/063924", "correlationVector":"AisyO/gADkyDmchTgbhzOY.1","action":"SyncServerConnectionManagerRequest", "result":"SYNC_SERVER_OK", "context":{"environment":"Prod_SoutheastAsia_000j", "migrationStage":"NotStarted", "server":"GENERAL0100001E"}}
{"logTime": "0722/063924", "correlationVector":"AisyO/gADkyDmchTgbhzOY.2","action":"GetUpdates Response", "result":"Success", "context":Received 0 update(s). cV=AisyO/gADkyDmchTgbhzOY.0;server=GENERAL0100001E;cloudType=Consumer;environment=Prod_SoutheastAsia_000j;migrationStage=NotStarted}
{"logTime": "0722/064623", "correlationVector":"S+F1SyZjdPaBJIJG2rAF0B","action":"Normal GetUpdate request", "result":"", "context":cV=S+F1SyZjdPaBJIJG2rAF0B
Refresh requested types: Device Info, User Consents, Send Tab To Self, Encryption Keys}
{"logTime": "0722/064623", "correlationVector":"S+F1SyZjdPaBJIJG2rAF0B.1","action":"SyncServerConnectionManagerRequest", "result":"SYNC_SERVER_OK", "context":{"environment":"Prod_SoutheastAsia_000j", "migrationStage":"NotStarted", "server":"GENERAL03000000"}}
{"logTime": "0722/064623", "correlationVector":"S+F1SyZjdPaBJIJG2rAF0B.2","action":"GetUpdates Response", "result":"Success", "context":Received 0 update(s). cV=S+F1SyZjdPaBJIJG2rAF0B.0;server=GENERAL03000000;cloudType=Consumer;environment=Prod_SoutheastAsia_000j;migrationStage=NotStarted}
